[0, 5] Loss: 1.1825370788574219 Acc: 45.244140625
[0, 10] Loss: 1.0803343296051025 Acc: 52.91015625
[0, 15] Loss: 1.0332417964935303 Acc: 56.201171875
Single epoch training time: 134.0395245552063
[1, 5] Loss: 0.8901816248893738 Acc: 69.873046875
[1, 10] Loss: 0.827260947227478 Acc: 72.5
[1, 15] Loss: 0.8067498326301574 Acc: 72.646484375
Single epoch training time: 105.95636487007141
[2, 5] Loss: 0.6341862797737121 Acc: 87.001953125
[2, 10] Loss: 0.5994917154312134 Acc: 86.376953125
[2, 15] Loss: 0.6242909073829651 Acc: 83.2421875
Single epoch training time: 128.42601919174194
[3, 5] Loss: 0.5004416823387146 Acc: 93.994140625
[3, 10] Loss: 0.4945039451122284 Acc: 92.2265625
[3, 15] Loss: 0.5309027373790741 Acc: 88.564453125
Single epoch training time: 117.31297016143799
[4, 5] Loss: 0.4159149706363678 Acc: 96.69921875
[4, 10] Loss: 0.41347362399101256 Acc: 95.400390625
[4, 15] Loss: 0.4561753749847412 Acc: 91.7578125
Single epoch training time: 131.67799425125122
Iteration time: 15.435321825742722
Done Training
Total time run: 11.4745 minutes
[0, 5] Loss: 1.1825945377349854 Acc: 44.609375
[0, 10] Loss: 1.0834060430526733 Acc: 51.982421875
[0, 15] Loss: 1.0345152497291565 Acc: 55.78125
Single epoch training time: 134.03588700294495
[1, 5] Loss: 0.8985221266746521 Acc: 67.9296875
[1, 10] Loss: 0.8612545132637024 Acc: 70.576171875
[1, 15] Loss: 0.8163684487342835 Acc: 71.005859375
Single epoch training time: 105.95542669296265
[2, 5] Loss: 0.6470460414886474 Acc: 86.259765625
[2, 10] Loss: 0.6270643591880798 Acc: 84.951171875
[2, 15] Loss: 0.6335555672645569 Acc: 82.51953125
Single epoch training time: 128.42591214179993
[3, 5] Loss: 0.5032841265201569 Acc: 93.662109375
[3, 10] Loss: 0.5107396900653839 Acc: 91.396484375
[3, 15] Loss: 0.5402629673480988 Acc: 87.900390625
Single epoch training time: 117.31381940841675
[4, 5] Loss: 0.4190159499645233 Acc: 96.42578125
[4, 10] Loss: 0.42705645561218264 Acc: 95.087890625
[4, 15] Loss: 0.4674052298069 Acc: 90.87890625
Single epoch training time: 131.6779327392578
Iteration time: 15.435224449634552
Done Training
[0, 5] Loss: 1.1836670160293579 Acc: 45.283203125
[0, 10] Loss: 1.08663489818573 Acc: 51.875
[0, 15] Loss: 1.0285098910331727 Acc: 56.601566314697266
Single epoch training time: 134.03949284553528
[1, 5] Loss: 0.9151370406150818 Acc: 66.7578125
[1, 10] Loss: 0.8703457474708557 Acc: 68.73046875
[1, 15] Loss: 0.810746145248413 Acc: 72.05078125
Single epoch training time: 105.95715022087097
[2, 5] Loss: 0.6598355650901795 Acc: 85.44921875
[2, 10] Loss: 0.645364236831665 Acc: 84.19921875
[2, 15] Loss: 0.6320419073104858 Acc: 82.587890625
Single epoch training time: 128.42586946487427
[3, 5] Loss: 0.5125723838806152 Acc: 93.18359375
[3, 10] Loss: 0.5275668442249298 Acc: 91.0546875
[3, 15] Loss: 0.5405955910682678 Acc: 87.919921875
Single epoch training time: 117.31233286857605
[4, 5] Loss: 0.4232162296772003 Acc: 96.5234375
[4, 10] Loss: 0.440186595916748 Acc: 94.443359375
[4, 15] Loss: 0.46693485975265503 Acc: 91.318359375
Single epoch training time: 131.6780445575714
Iteration time: 15.4353222489357
Done Training
[0, 5] Loss: 1.1837888479232788 Acc: 44.55078125
[0, 10] Loss: 1.0658494710922242 Acc: 53.164066314697266
[0, 15] Loss: 1.0075865745544434 Acc: 59.531253814697266
Single epoch training time: 134.03466963768005
[1, 5] Loss: 0.9398110866546631 Acc: 64.47265625
[1, 10] Loss: 0.8294312715530395 Acc: 72.6171875
[1, 15] Loss: 0.745309841632843 Acc: 77.763671875
Single epoch training time: 105.95636940002441
[2, 5] Loss: 0.687729787826538 Acc: 83.41796875
[2, 10] Loss: 0.6032114028930664 Acc: 86.2109375
[2, 15] Loss: 0.5622879147529602 Acc: 87.32421875
Single epoch training time: 128.42591333389282
[3, 5] Loss: 0.535005658864975 Acc: 92.373046875
[3, 10] Loss: 0.49519509077072144 Acc: 91.953125
[3, 15] Loss: 0.4799649894237518 Acc: 91.298828125
Single epoch training time: 117.31307721138
[4, 5] Loss: 0.4430484414100647 Acc: 95.64453125
[4, 10] Loss: 0.41237401962280273 Acc: 95.5078125
[4, 15] Loss: 0.4116259753704071 Acc: 94.00390625
Single epoch training time: 131.67818641662598
Iteration time: 15.435205399990082
Done Training
